This file contains any messages produced by compilers while
running configure, to aid debugging if configure makes a mistake.

It was created by configure, which was
generated by GNU Autoconf 2.69.  Invocation command line was

  $ ./configure --enable-segfault

## --------- ##
## Platform. ##
## --------- ##

hostname = DansMacBookPro.local
uname -m = x86_64
uname -r = 17.5.0
uname -s = Darwin
uname -v = Darwin Kernel Version 17.5.0: Mon Mar  5 22:24:32 PST 2018; root:xnu-4570.51.1~1/RELEASE_X86_64

/usr/bin/uname -p = i386
/bin/uname -X     = unknown

/bin/arch              = unknown
/usr/bin/arch -k       = unknown
/usr/convex/getsysinfo = unknown
/usr/bin/hostinfo      = Mach kernel version:
	 Darwin Kernel Version 17.5.0: Mon Mar  5 22:24:32 PST 2018; root:xnu-4570.51.1~1/RELEASE_X86_64
Kernel configured for up to 8 processors.
4 processors are physically available.
8 processors are logically available.
Processor type: x86_64h (Intel x86-64h Haswell)
Processors active: 0 1 2 3 4 5 6 7
Primary memory available: 16.00 gigabytes
Default processor set: 677 tasks, 3896 threads, 8 processors
Load average: 2.20, Mach factor: 5.78
/bin/machine           = unknown
/usr/bin/oslevel       = unknown
/bin/universe          = unknown

PATH: /Users/dsapala/nacl/depot_tools
PATH: /opt/chefdk/bin
PATH: /usr/local/heroku/bin
PATH: /Users/dsapala/bin
PATH: /usr/local/rvm/gems/ruby-2.3.3@user/bin
PATH: /usr/local/rvm/gems/ruby-2.3.3@global/bin
PATH: /usr/local/rvm/rubies/ruby-2.3.3/bin
PATH: /usr/local/bin
PATH: /usr/bin
PATH: /bin
PATH: /usr/local/sbin
PATH: /usr/sbin
PATH: /sbin
PATH: /Applications/VMware Fusion.app/Contents/Public
PATH: /usr/local/MacGPG2/bin
PATH: /opt/X11/bin
PATH: /Applications/Wireshark.app/Contents/MacOS
PATH: /Users/dsapala/nacl/depot_tools
PATH: /opt/chefdk/bin
PATH: /usr/local/heroku/bin
PATH: /Users/dsapala/bin
PATH: /usr/local/rvm/gems/ruby-2.3.3@user/bin
PATH: /usr/local/rvm/gems/ruby-2.3.3@global/bin
PATH: /usr/local/rvm/rubies/ruby-2.3.3/bin
PATH: /usr/local/rvm/bin
PATH: /usr/local/share/npm/bin
PATH: /usr/local/opt/go/libexec/bin
PATH: /Users/dsapala/go/bin
PATH: /usr/local/opt/wildfly-as/libexec/bin
PATH: /usr/local/share/npm/bin
PATH: /usr/local/opt/go/libexec/bin
PATH: /Users/dsapala/go/bin
PATH: /usr/local/opt/wildfly-as/libexec/bin


## ----------- ##
## Core tests. ##
## ----------- ##

configure:2294: checking for grep that handles long lines and -e
configure:2352: result: /usr/local/bin/grep
configure:2357: checking for egrep
configure:2419: result: /usr/local/bin/grep -E
configure:2424: checking for a sed that does not truncate output
configure:2478: result: /usr/local/bin/sed
configure:2673: checking for C compiler version
configure:2682: /usr/bin/clang --version >&5
Apple LLVM version 9.1.0 (clang-902.0.39.1)
Target: x86_64-apple-darwin17.5.0
Thread model: posix
InstalledDir: /Applications/Xcode.app/Contents/Developer/Toolchains/XcodeDefault.xctoolchain/usr/bin
configure:2693: $? = 0
configure:2682: /usr/bin/clang -v >&5
Apple LLVM version 9.1.0 (clang-902.0.39.1)
Target: x86_64-apple-darwin17.5.0
Thread model: posix
InstalledDir: /Applications/Xcode.app/Contents/Developer/Toolchains/XcodeDefault.xctoolchain/usr/bin
configure:2693: $? = 0
configure:2682: /usr/bin/clang -V >&5
clang: error: argument to '-V' is missing (expected 1 value)
clang: error: no input files
configure:2693: $? = 1
configure:2682: /usr/bin/clang -qversion >&5
clang: error: unknown argument: '-qversion'
clang: error: no input files
configure:2693: $? = 1
configure:2713: checking whether the C compiler works
configure:2735: /usr/bin/clang    conftest.c  >&5
configure:2739: $? = 0
configure:2787: result: yes
configure:2790: checking for C compiler default output file name
configure:2792: result: a.out
configure:2798: checking for suffix of executables
configure:2805: /usr/bin/clang -o conftest    conftest.c  >&5
configure:2809: $? = 0
configure:2831: result: 
configure:2853: checking whether we are cross compiling
configure:2861: /usr/bin/clang -o conftest    conftest.c  >&5
configure:2865: $? = 0
configure:2872: ./conftest
configure:2876: $? = 0
configure:2891: result: no
configure:2896: checking for suffix of object files
configure:2918: /usr/bin/clang -c   conftest.c >&5
configure:2922: $? = 0
configure:2943: result: o
configure:2947: checking whether we are using the GNU C compiler
configure:2966: /usr/bin/clang -c   conftest.c >&5
configure:2966: $? = 0
configure:2975: result: yes
configure:2984: checking whether /usr/bin/clang accepts -g
configure:3004: /usr/bin/clang -c -g  conftest.c >&5
configure:3004: $? = 0
configure:3045: result: yes
configure:3062: checking for /usr/bin/clang option to accept ISO C89
configure:3125: /usr/bin/clang  -c -g -O2  conftest.c >&5
configure:3125: $? = 0
configure:3138: result: none needed
configure:3164: checking how to run the C preprocessor
configure:3195: /usr/bin/clang -E  conftest.c
configure:3195: $? = 0
configure:3209: /usr/bin/clang -E  conftest.c
conftest.c:9:10: fatal error: 'ac_nonexistent.h' file not found
#include <ac_nonexistent.h>
         ^~~~~~~~~~~~~~~~~~
1 error generated.
configure:3209: $? = 1
configure: failed program was:
| /* confdefs.h */
| #define PACKAGE_NAME ""
| #define PACKAGE_TARNAME ""
| #define PACKAGE_VERSION ""
| #define PACKAGE_STRING ""
| #define PACKAGE_BUGREPORT ""
| #define PACKAGE_URL ""
| /* end confdefs.h.  */
| #include <ac_nonexistent.h>
configure:3234: result: /usr/bin/clang -E
configure:3254: /usr/bin/clang -E  conftest.c
configure:3254: $? = 0
configure:3268: /usr/bin/clang -E  conftest.c
conftest.c:9:10: fatal error: 'ac_nonexistent.h' file not found
#include <ac_nonexistent.h>
         ^~~~~~~~~~~~~~~~~~
1 error generated.
configure:3268: $? = 1
configure: failed program was:
| /* confdefs.h */
| #define PACKAGE_NAME ""
| #define PACKAGE_TARNAME ""
| #define PACKAGE_VERSION ""
| #define PACKAGE_STRING ""
| #define PACKAGE_BUGREPORT ""
| #define PACKAGE_URL ""
| /* end confdefs.h.  */
| #include <ac_nonexistent.h>
configure:3299: checking for icc
configure:3308: result: no
configure:3322: checking for suncc
configure:3331: result: no
configure:3346: checking whether /usr/bin/clang and cc understand -c and -o together
configure:3377: /usr/bin/clang -c conftest.c -o conftest2.o >&5
configure:3381: $? = 0
configure:3387: /usr/bin/clang -c conftest.c -o conftest2.o >&5
configure:3391: $? = 0
configure:3402: cc -c conftest.c >&5
configure:3406: $? = 0
configure:3414: cc -c conftest.c -o conftest2.o >&5
configure:3418: $? = 0
configure:3424: cc -c conftest.c -o conftest2.o >&5
configure:3428: $? = 0
configure:3446: result: yes
configure:3460: checking for system library directory
configure:3475: result: lib
configure:3482: checking if compiler supports -R
configure:3501: /usr/bin/clang -o conftest -g -O2   conftest.c -R /usr/lib  >&5
warning: unknown remark option '-R' [-Wunknown-warning-option]
1 warning generated.
ld: can't map file, errno=22 file '/usr/lib' for architecture x86_64
clang: error: linker command failed with exit code 1 (use -v to see invocation)
configure:3501: $? = 1
configure: failed program was:
| /* confdefs.h */
| #define PACKAGE_NAME ""
| #define PACKAGE_TARNAME ""
| #define PACKAGE_VERSION ""
| #define PACKAGE_STRING ""
| #define PACKAGE_BUGREPORT ""
| #define PACKAGE_URL ""
| /* end confdefs.h.  */
| 
| int
| main ()
| {
| 
|   ;
|   return 0;
| }
configure:3511: result: no
configure:3516: checking if compiler supports -Wl,-rpath,
configure:3535: /usr/bin/clang -o conftest -g -O2   conftest.c -Wl,-rpath,/usr/lib  >&5
configure:3535: $? = 0
configure:3545: result: yes
configure:3590: checking build system type
configure:3604: result: x86_64-apple-darwin17.5.0
configure:3624: checking host system type
configure:3637: result: x86_64-apple-darwin17.5.0
configure:3657: checking target system type
configure:3670: result: x86_64-apple-darwin17.5.0
configure:3773: checking for PHP prefix
configure:3775: result: /usr
configure:3777: checking for PHP includes
configure:3779: result: -I/usr/include/php -I/usr/include/php/main -I/usr/include/php/TSRM -I/usr/include/php/Zend -I/usr/include/php/ext -I/usr/include/php/ext/date/lib
configure:3781: checking for PHP extension directory
configure:3783: result: /usr/lib/php/extensions/no-debug-non-zts-20160303
configure:3785: checking for PHP installed headers prefix
configure:3787: result: /usr/include/php
configure:3790: checking if debug is enabled
configure:3816: result: no
configure:3819: checking if zts is enabled
configure:3845: result: no
configure:3916: checking for re2c
configure:3946: result: no
configure:3971: WARNING: You will need re2c 0.13.4 or later if you want to regenerate PHP parsers.
configure:3985: checking for gawk
configure:4002: found /usr/local/bin/gawk
configure:4013: result: gawk
configure:4056: checking whether to enable Segfault
configure:4095: result: yes, shared
configure:4493: checking for ld used by /usr/bin/clang
configure:4560: result: /Applications/Xcode.app/Contents/Developer/Toolchains/XcodeDefault.xctoolchain/usr/bin/ld
configure:4567: checking if the linker (/Applications/Xcode.app/Contents/Developer/Toolchains/XcodeDefault.xctoolchain/usr/bin/ld) is GNU ld
configure:4582: result: no
configure:4587: checking for /Applications/Xcode.app/Contents/Developer/Toolchains/XcodeDefault.xctoolchain/usr/bin/ld option to reload object files
configure:4594: result: -r
configure:4612: checking for BSD-compatible nm
configure:4661: result: /usr/bin/nm -B
configure:4665: checking whether ln -s works
configure:4669: result: yes
configure:4676: checking how to recognize dependent libraries
configure:4862: result: pass_all
configure:5080: checking for ANSI C header files
configure:5100: /usr/bin/clang -c -g -O2  conftest.c >&5
configure:5100: $? = 0
configure:5173: /usr/bin/clang -o conftest -g -O2   conftest.c  >&5
configure:5173: $? = 0
configure:5173: ./conftest
configure:5173: $? = 0
configure:5184: result: yes
configure:5197: checking for sys/types.h
configure:5197: /usr/bin/clang -c -g -O2  conftest.c >&5
configure:5197: $? = 0
configure:5197: result: yes
configure:5197: checking for sys/stat.h
configure:5197: /usr/bin/clang -c -g -O2  conftest.c >&5
configure:5197: $? = 0
configure:5197: result: yes
configure:5197: checking for stdlib.h
configure:5197: /usr/bin/clang -c -g -O2  conftest.c >&5
configure:5197: $? = 0
configure:5197: result: yes
configure:5197: checking for string.h
configure:5197: /usr/bin/clang -c -g -O2  conftest.c >&5
configure:5197: $? = 0
configure:5197: result: yes
configure:5197: checking for memory.h
configure:5197: /usr/bin/clang -c -g -O2  conftest.c >&5
configure:5197: $? = 0
configure:5197: result: yes
configure:5197: checking for strings.h
configure:5197: /usr/bin/clang -c -g -O2  conftest.c >&5
configure:5197: $? = 0
configure:5197: result: yes
configure:5197: checking for inttypes.h
configure:5197: /usr/bin/clang -c -g -O2  conftest.c >&5
configure:5197: $? = 0
configure:5197: result: yes
configure:5197: checking for stdint.h
configure:5197: /usr/bin/clang -c -g -O2  conftest.c >&5
configure:5197: $? = 0
configure:5197: result: yes
configure:5197: checking for unistd.h
configure:5197: /usr/bin/clang -c -g -O2  conftest.c >&5
configure:5197: $? = 0
configure:5197: result: yes
configure:5211: checking dlfcn.h usability
configure:5211: /usr/bin/clang -c -g -O2  conftest.c >&5
configure:5211: $? = 0
configure:5211: result: yes
configure:5211: checking dlfcn.h presence
configure:5211: /usr/bin/clang -E  conftest.c
configure:5211: $? = 0
configure:5211: result: yes
configure:5211: checking for dlfcn.h
configure:5211: result: yes
configure:5233: checking the maximum length of command line arguments
configure:5345: result: 196608
configure:5357: checking command to parse /usr/bin/nm -B output from /usr/bin/clang object
configure:5462: /usr/bin/clang -c -g -O2  conftest.c >&5
configure:5465: $? = 0
configure:5469: /usr/bin/nm -B conftest.o \| sed -n -e 's/^.*[ 	]\([BCDEGRST][BCDEGRST]*\)[ 	][ 	]*\([_A-Za-z][_A-Za-z0-9]*\)$/\1 \2 \2/p' \> conftest.nm
configure:5472: $? = 0
cannot find nm_test_var in conftest.nm
configure:5462: /usr/bin/clang -c -g -O2  conftest.c >&5
configure:5465: $? = 0
configure:5469: /usr/bin/nm -B conftest.o \| sed -n -e 's/^.*[ 	]\([BCDEGRST][BCDEGRST]*\)[ 	][ 	]*_\([_A-Za-z][_A-Za-z0-9]*\)$/\1 _\2 \2/p' \> conftest.nm
configure:5472: $? = 0
configure:5524: /usr/bin/clang -o conftest -g -O2   conftest.c conftstm.o >&5
warning: (x86_64)  could not find object file symbol for symbol _main
configure:5527: $? = 0
configure:5565: result: ok
configure:5569: checking for objdir
configure:5584: result: .libs
configure:5676: checking for ar
configure:5692: found /usr/bin/ar
configure:5703: result: ar
configure:5768: checking for ranlib
configure:5784: found /usr/bin/ranlib
configure:5795: result: ranlib
configure:5860: checking for strip
configure:5876: found /usr/bin/strip
configure:5887: result: strip
configure:6140: checking for dsymutil
configure:6156: found /usr/bin/dsymutil
configure:6167: result: dsymutil
configure:6232: checking for nmedit
configure:6248: found /usr/bin/nmedit
configure:6259: result: nmedit
configure:6282: checking for -single_module linker flag
configure:6303: result: yes
configure:6305: checking for -exported_symbols_list linker flag
configure:6321: /usr/bin/clang -o conftest -g -O2   -Wl,-exported_symbols_list,conftest.sym conftest.c  >&5
configure:6324: $? = 0
configure:6338: result: yes
configure:6456: checking if /usr/bin/clang supports -fno-rtti -fno-exceptions
configure:6474: /usr/bin/clang -c -g -O2  -fno-rtti -fno-exceptions conftest.c >&5
configure:6478: $? = 0
configure:6491: result: yes
configure:6506: checking for /usr/bin/clang option to produce PIC
configure:6746: result: -fno-common
configure:6754: checking if /usr/bin/clang PIC flag -fno-common works
configure:6772: /usr/bin/clang -c -g -O2  -fno-common -DPIC conftest.c >&5
configure:6776: $? = 0
configure:6789: result: yes
configure:6817: checking if /usr/bin/clang static flag -static works
configure:6845: result: no
configure:6855: checking if /usr/bin/clang supports -c -o file.o
configure:6876: /usr/bin/clang -c -g -O2  -o out/conftest2.o conftest.c >&5
configure:6880: $? = 0
configure:6902: result: yes
configure:6928: checking whether the /usr/bin/clang linker (/Applications/Xcode.app/Contents/Developer/Toolchains/XcodeDefault.xctoolchain/usr/bin/ld) supports shared libraries
configure:7856: result: yes
configure:7923: checking dynamic linker characteristics
configure:8521: result: darwin17.5.0 dyld
configure:8545: checking how to hardcode library paths into programs
configure:8570: result: immediate
configure:8584: checking whether stripping libraries is possible
configure:8598: result: yes
configure:9106: checking if libtool supports shared libraries
configure:9108: result: yes
configure:9111: checking whether to build shared libraries
configure:9132: result: yes
configure:9135: checking whether to build static libraries
configure:9139: result: no
configure:9234: result:
creating libtool
configure:9965: checking whether the /usr/bin/clang++ linker (/Applications/Xcode.app/Contents/Developer/Toolchains/XcodeDefault.xctoolchain/usr/bin/ld) supports shared libraries
configure:10863: result: no
configure:10884: /usr/bin/clang++ -c   conftest.cpp >&5
configure:10887: $? = 0
configure:11043: checking for /usr/bin/clang++ option to produce PIC
configure:11333: result: 
configure:11404: checking if /usr/bin/clang++ static flag  works
configure:11432: result: yes
configure:11442: checking if /usr/bin/clang++ supports -c -o file.o
configure:11463: /usr/bin/clang++ -c   -o out/conftest2.o conftest.cpp >&5
configure:11467: $? = 0
configure:11489: result: yes
configure:11515: checking whether the /usr/bin/clang++ linker (/Applications/Xcode.app/Contents/Developer/Toolchains/XcodeDefault.xctoolchain/usr/bin/ld) supports shared libraries
configure:11541: result: no
configure:11608: checking dynamic linker characteristics
configure:12154: result: darwin17.5.0 dyld
configure:12178: checking how to hardcode library paths into programs
configure:12203: result: immediate
configure:12933: creating ./config.status

## ---------------------- ##
## Running config.status. ##
## ---------------------- ##

This file was extended by config.status, which was
generated by GNU Autoconf 2.69.  Invocation command line was

  CONFIG_FILES    = 
  CONFIG_HEADERS  = 
  CONFIG_LINKS    = 
  CONFIG_COMMANDS = 
  $ ./config.status 

on DansMacBookPro.local

config.status:677: creating config.h

## ---------------- ##
## Cache variables. ##
## ---------------- ##

ac_cv_build=x86_64-apple-darwin17.5.0
ac_cv_c_compiler_gnu=yes
ac_cv_env_CC_set=set
ac_cv_env_CC_value=/usr/bin/clang
ac_cv_env_CFLAGS_set=
ac_cv_env_CFLAGS_value=
ac_cv_env_CPPFLAGS_set=
ac_cv_env_CPPFLAGS_value=
ac_cv_env_CPP_set=
ac_cv_env_CPP_value=
ac_cv_env_LDFLAGS_set=
ac_cv_env_LDFLAGS_value=
ac_cv_env_LIBS_set=
ac_cv_env_LIBS_value=
ac_cv_env_build_alias_set=
ac_cv_env_build_alias_value=
ac_cv_env_host_alias_set=
ac_cv_env_host_alias_value=
ac_cv_env_target_alias_set=
ac_cv_env_target_alias_value=
ac_cv_header_dlfcn_h=yes
ac_cv_header_inttypes_h=yes
ac_cv_header_memory_h=yes
ac_cv_header_stdc=yes
ac_cv_header_stdint_h=yes
ac_cv_header_stdlib_h=yes
ac_cv_header_string_h=yes
ac_cv_header_strings_h=yes
ac_cv_header_sys_stat_h=yes
ac_cv_header_sys_types_h=yes
ac_cv_header_unistd_h=yes
ac_cv_host=x86_64-apple-darwin17.5.0
ac_cv_objext=o
ac_cv_path_EGREP='/usr/local/bin/grep -E'
ac_cv_path_GREP=/usr/local/bin/grep
ac_cv_prog_AWK=gawk
ac_cv_prog_CPP='/usr/bin/clang -E'
ac_cv_prog_ac_ct_AR=ar
ac_cv_prog_ac_ct_DSYMUTIL=dsymutil
ac_cv_prog_ac_ct_NMEDIT=nmedit
ac_cv_prog_ac_ct_RANLIB=ranlib
ac_cv_prog_ac_ct_STRIP=strip
ac_cv_prog_cc__usr_bin_clang_c_o=yes
ac_cv_prog_cc_c89=
ac_cv_prog_cc_g=yes
ac_cv_target=x86_64-apple-darwin17.5.0
lt_cv_apple_cc_single_mod=yes
lt_cv_deplibs_check_method=pass_all
lt_cv_file_magic_cmd='$MAGIC_CMD'
lt_cv_file_magic_test_file=
lt_cv_ld_exported_symbols_list=yes
lt_cv_ld_reload_flag=-r
lt_cv_objdir=.libs
lt_cv_path_LD=/Applications/Xcode.app/Contents/Developer/Toolchains/XcodeDefault.xctoolchain/usr/bin/ld
lt_cv_path_LDCXX=
lt_cv_path_NM='/usr/bin/nm -B'
lt_cv_path_SED=/usr/local/bin/sed
lt_cv_prog_compiler_c_o=yes
lt_cv_prog_compiler_c_o_CXX=yes
lt_cv_prog_compiler_pic_works=yes
lt_cv_prog_compiler_rtti_exceptions=yes
lt_cv_prog_compiler_static_works=no
lt_cv_prog_compiler_static_works_CXX=yes
lt_cv_prog_gnu_ld=no
lt_cv_prog_gnu_ldcxx=
lt_cv_sys_global_symbol_pipe='sed -n -e '\''s/^.*[ 	]\([BCDEGRST][BCDEGRST]*\)[ 	][ 	]*_\([_A-Za-z][_A-Za-z0-9]*\)$/\1 _\2 \2/p'\'''
lt_cv_sys_global_symbol_to_c_name_address='sed -n -e '\''s/^: \([^ ]*\) $/  {\"\1\", (lt_ptr) 0},/p'\'' -e '\''s/^[BCDEGRST] \([^ ]*\) \([^ ]*\)$/  {"\2", (lt_ptr) \&\2},/p'\'''
lt_cv_sys_global_symbol_to_cdecl='sed -n -e '\''s/^. .* \(.*\)$/extern int \1;/p'\'''
lt_cv_sys_lib_dlsearch_path_spec='/usr/local/lib /lib /usr/lib'
lt_cv_sys_lib_search_path_spec='/Applications/Xcode.app/Contents/Developer/Toolchains/XcodeDefault.xctoolchain/usr/lib/clang/9.1.0 /usr/local/lib'
lt_cv_sys_max_cmd_len=196608
lt_lt_cv_prog_compiler_c_o='"yes"'
lt_lt_cv_prog_compiler_c_o_CXX='"yes"'
lt_lt_cv_sys_global_symbol_pipe='"sed -n -e '\''s/^.*[ 	]\\([BCDEGRST][BCDEGRST]*\\)[ 	][ 	]*_\\([_A-Za-z][_A-Za-z0-9]*\\)\$/\\1 _\\2 \\2/p'\''"'
lt_lt_cv_sys_global_symbol_to_c_name_address='"sed -n -e '\''s/^: \\([^ ]*\\) \$/  {\\\"\\1\\\", (lt_ptr) 0},/p'\'' -e '\''s/^[BCDEGRST] \\([^ ]*\\) \\([^ ]*\\)\$/  {\"\\2\", (lt_ptr) \\&\\2},/p'\''"'
lt_lt_cv_sys_global_symbol_to_cdecl='"sed -n -e '\''s/^. .* \\(.*\\)\$/extern int \\1;/p'\''"'
php_cv_cc_dashr=no
php_cv_cc_rpath=yes

## ----------------- ##
## Output variables. ##
## ----------------- ##

AR='ar'
AWK='gawk'
CC='/usr/bin/clang'
CFLAGS='-g -O2'
CONFIGURE_COMMAND=' '\''./configure'\''  '\''--enable-segfault'\'''
CONFIGURE_OPTIONS=' '\''--enable-segfault'\'''
CPP='/usr/bin/clang -E'
CPPFLAGS=' -DHAVE_CONFIG_H'
DEFS='-DHAVE_CONFIG_H'
DSYMUTIL='dsymutil'
ECHO='/bin/echo'
ECHO_C='\c'
ECHO_N=''
ECHO_T=''
EGREP='/usr/local/bin/grep -E'
EXEEXT=''
GREP='/usr/local/bin/grep'
LDFLAGS=''
LIBOBJS=''
LIBS=''
LIBTOOL='$(SHELL) $(top_builddir)/libtool'
LN_S='ln -s'
LTLIBOBJS=''
NMEDIT='nmedit'
OBJEXT='o'
PACKAGE_BUGREPORT=''
PACKAGE_NAME=''
PACKAGE_STRING=''
PACKAGE_TARNAME=''
PACKAGE_URL=''
PACKAGE_VERSION=''
PATH_SEPARATOR=':'
RANLIB='ranlib'
RE2C='exit 0;'
SED='/usr/local/bin/sed'
SHELL='/bin/sh'
SHLIB_DL_SUFFIX_NAME='so'
SHLIB_SUFFIX_NAME='dylib'
STRIP='strip'
ac_ct_CC=''
bindir='${exec_prefix}/bin'
build='x86_64-apple-darwin17.5.0'
build_alias=''
build_cpu='x86_64'
build_os='darwin17.5.0'
build_vendor='apple'
datadir='${datarootdir}'
datarootdir='${prefix}/share'
docdir='${datarootdir}/doc/${PACKAGE}'
dvidir='${docdir}'
exec_prefix='$(prefix)'
host='x86_64-apple-darwin17.5.0'
host_alias='x86_64-apple-darwin17.5.0'
host_cpu='x86_64'
host_os='darwin17.5.0'
host_vendor='apple'
htmldir='${docdir}'
includedir='${prefix}/include'
infodir='${datarootdir}/info'
libdir='${exec_prefix}/lib'
libexecdir='${exec_prefix}/libexec'
localedir='${datarootdir}/locale'
localstatedir='${prefix}/var'
mandir='${datarootdir}/man'
oldincludedir='/usr/include'
pdfdir='${docdir}'
prefix='/usr'
program_transform_name='s,x,x,'
psdir='${docdir}'
sbindir='${exec_prefix}/sbin'
sharedstatedir='${prefix}/com'
sysconfdir='${prefix}/etc'
target='x86_64-apple-darwin17.5.0'
target_alias=''
target_cpu='x86_64'
target_os='darwin17.5.0'
target_vendor='apple'

## ----------- ##
## confdefs.h. ##
## ----------- ##

/* confdefs.h */
#define PACKAGE_NAME ""
#define PACKAGE_TARNAME ""
#define PACKAGE_VERSION ""
#define PACKAGE_STRING ""
#define PACKAGE_BUGREPORT ""
#define PACKAGE_URL ""
#define HAVE_SEGFAULT 1
#define COMPILE_DL_SEGFAULT 1
#define STDC_HEADERS 1
#define HAVE_SYS_TYPES_H 1
#define HAVE_SYS_STAT_H 1
#define HAVE_STDLIB_H 1
#define HAVE_STRING_H 1
#define HAVE_MEMORY_H 1
#define HAVE_STRINGS_H 1
#define HAVE_INTTYPES_H 1
#define HAVE_STDINT_H 1
#define HAVE_UNISTD_H 1
#define HAVE_DLFCN_H 1

configure: exit 0
